Reading netlist file: "C:\Users\AkimovMA\Desktop\plis\encoder_spi\impl\gwsynthesis\encoder_spi.vg"
Parsing netlist file "C:\Users\AkimovMA\Desktop\plis\encoder_spi\impl\gwsynthesis\encoder_spi.vg" completed
Processing netlist completed
Reading constraint file: "C:\Users\AkimovMA\Desktop\plis\encoder_spi\src\encoder_spi.cst"
Physical Constraint parsed completed
Running placement......
[10%] Placement Phase 0 completed
[20%] Placement Phase 1 completed
[30%] Placement Phase 2 completed
[50%] Placement Phase 3 completed
Running routing......
[60%] Routing Phase 0 completed
[70%] Routing Phase 1 completed
[80%] Routing Phase 2 completed
WARN  (PR1014) : Generic routing resource will be used to clock signal 'clk_d' by the specified constraint. And then it may lead to the excessive delay or skew
[90%] Routing Phase 3 completed
Running timing analysis......
[95%] Timing analysis completed
Placement and routing completed
Bitstream generation in progress......
Bitstream generation completed
Running power analysis......
[100%] Power analysis completed
Generate file "C:\Users\AkimovMA\Desktop\plis\encoder_spi\impl\pnr\encoder_spi.power.html" completed
Generate file "C:\Users\AkimovMA\Desktop\plis\encoder_spi\impl\pnr\encoder_spi.pin.html" completed
Generate file "C:\Users\AkimovMA\Desktop\plis\encoder_spi\impl\pnr\encoder_spi.rpt.html" completed
Generate file "C:\Users\AkimovMA\Desktop\plis\encoder_spi\impl\pnr\encoder_spi.rpt.txt" completed
Generate file "C:\Users\AkimovMA\Desktop\plis\encoder_spi\impl\pnr\encoder_spi.tr.html" completed
Wed Dec 25 16:53:50 2024

